Arguments: 
  /usr/local/bin/node /home/migration/.node/corepack/yarn/1.22.15/bin/yarn.js publish

PATH: 
  /home/migration/.cargo/bin:/usr/local/sbin:/usr/local/bin:/usr/sbin:/usr/bin:/sbin:/bin:/usr/games:/usr/local/games:/snap/bin:/opt/rocm/bin:/opt/rocm/rocprofiler/bin:/opt/rocm/opencl/bin

Yarn version: 
  1.22.15

Node version: 
  18.2.0

Platform: 
  linux x64

Trace: 
  Error: canceled
      at Interface.<anonymous> (/home/migration/.node/corepack/yarn/1.22.15/lib/cli.js:137145:13)
      at Interface.emit (node:events:527:28)
      at [_ttyWrite] [as _ttyWrite] (node:internal/readline/interface:1123:18)
      at ReadStream.onkeypress (node:internal/readline/interface:272:20)
      at ReadStream.emit (node:events:527:28)
      at emitKeys (node:internal/readline/utils:358:14)
      at emitKeys.next (<anonymous>)
      at ReadStream.onData (node:internal/readline/emitKeypressEvents:64:36)
      at ReadStream.emit (node:events:527:28)
      at addChunk (node:internal/streams/readable:324:12)

npm manifest: 
  {
    "type": "module",
    "name": "@taus-services/commons",
    "version": "0.0.3",
    "main": "index.js",
    "description": "Internal components for Tauri Updater Server and other related tools.",
    "repository": {
      "type": "git",
      "url": "git+https://github.com/KaruroChori/taus-common.git"
    },
    "author": "karurochari",
    "license": "MIT",
    "dependencies": {
      "sequelize": "^6.20.0"
    },
    "bugs": {
      "url": "https://github.com/KaruroChori/taus-common/issues"
    },
    "homepage": "https://github.com/KaruroChori/taus-common#readme",
    "devDependencies": {},
    "scripts": {
      "test": "echo \"Error: no test specified\" && exit 1"
    },
    "publishConfig": {
      "access": "public",
      "registry": "https://registry.npmjs.org/"
    }
  }

yarn manifest: 
  No manifest

Lockfile: 
  No lockfile
